<?xml version="1.0" encoding="UTF-8"?>
<testng-results ignored="0" total="2" passed="2" failed="0" skipped="0">
  <reporter-output>
  </reporter-output>
  <suite started-at="2025-03-19T09:02:04 IST" name="Surefire suite" finished-at="2025-03-19T09:02:04 IST" duration-ms="47">
    <groups>
    </groups>
    <test started-at="2025-03-19T09:02:04 IST" name="Surefire test" finished-at="2025-03-19T09:02:04 IST" duration-ms="47">
      <class name="org.example1.AppTest">
        <test-method signature="test1()[pri:0, instance:org.example1.AppTest@b62fe6d]" started-at="2025-03-19T09:02:04 IST" name="test1" finished-at="2025-03-19T09:02:04 IST" duration-ms="5" status="PASS">
          <reporter-output>
          </reporter-output>
        </test-method> <!-- test1 -->
        <test-method signature="test2()[pri:0, instance:org.example1.AppTest@b62fe6d]" started-at="2025-03-19T09:02:04 IST" name="test2" finished-at="2025-03-19T09:02:04 IST" duration-ms="0" status="PASS">
          <reporter-output>
          </reporter-output>
        </test-method> <!-- test2 -->
      </class> <!-- org.example1.AppTest -->
    </test> <!-- Surefire test -->
  </suite> <!-- Surefire suite -->
</testng-results>
